<?xml version="1.0" encoding="UTF-8"?>
<testng-results ignored="0" total="1" passed="1" failed="0" skipped="0">
  <reporter-output>
  </reporter-output>
  <suite started-at="2025-01-01T21:42:43 IST" name="Default suite" finished-at="2025-01-01T21:42:53 IST" duration-ms="9782">
    <groups>
    </groups>
    <test started-at="2025-01-01T21:42:43 IST" name="Default test" finished-at="2025-01-01T21:42:53 IST" duration-ms="9782">
      <class name="module1_Login_Test.TC1_SLHomePageVerifyTitle">
        <test-method is-config="true" signature="openBrowser()[pri:0, instance:module1_Login_Test.TC1_SLHomePageVerifyTitle@2e005c4b]" started-at="2025-01-01T21:42:43 IST" name="openBrowser" finished-at="2025-01-01T21:42:48 IST" duration-ms="4458" status="PASS">
          <reporter-output>
          </reporter-output>
        </test-method> <!-- openBrowser -->
        <test-method is-config="true" signature="loginToApplication()[pri:0, instance:module1_Login_Test.TC1_SLHomePageVerifyTitle@2e005c4b]" started-at="2025-01-01T21:42:48 IST" name="loginToApplication" finished-at="2025-01-01T21:42:50 IST" duration-ms="2146" status="PASS">
          <reporter-output>
          </reporter-output>
        </test-method> <!-- loginToApplication -->
        <test-method signature="verifyTitle()[pri:0, instance:module1_Login_Test.TC1_SLHomePageVerifyTitle@2e005c4b]" started-at="2025-01-01T21:42:50 IST" name="verifyTitle" finished-at="2025-01-01T21:42:52 IST" duration-ms="1986" status="PASS">
          <reporter-output>
          </reporter-output>
        </test-method> <!-- verifyTitle -->
        <test-method is-config="true" signature="logoutFromApplication(org.testng.ITestResult)[pri:0, instance:module1_Login_Test.TC1_SLHomePageVerifyTitle@2e005c4b]" started-at="2025-01-01T21:42:52 IST" name="logoutFromApplication" finished-at="2025-01-01T21:42:53 IST" duration-ms="843" status="PASS">
          <params>
            <param index="0">
              <value>
                <![CDATA[[TestResult name=verifyTitle status=SUCCESS method=TC1_SLHomePageVerifyTitle.verifyTitle()[pri:0, instance:module1_Login_Test.TC1_SLHomePageVerifyTitle@2e005c4b] output={null}]]]>
              </value>
            </param>
          </params>
          <reporter-output>
          </reporter-output>
        </test-method> <!-- logoutFromApplication -->
        <test-method is-config="true" signature="closeBrowser()[pri:0, instance:module1_Login_Test.TC1_SLHomePageVerifyTitle@2e005c4b]" started-at="2025-01-01T21:42:53 IST" name="closeBrowser" finished-at="2025-01-01T21:42:53 IST" duration-ms="277" status="PASS">
          <reporter-output>
          </reporter-output>
        </test-method> <!-- closeBrowser -->
      </class> <!-- module1_Login_Test.TC1_SLHomePageVerifyTitle -->
    </test> <!-- Default test -->
  </suite> <!-- Default suite -->
</testng-results>
