<?xml version="1.0" encoding="UTF-8"?>
<testng-results ignored="0" total="1" passed="1" failed="0" skipped="0">
  <reporter-output>
  </reporter-output>
  <suite started-at="2026-01-29T09:30:58 IST" name="Suite" finished-at="2026-01-29T09:31:06 IST" duration-ms="8736">
    <groups>
    </groups>
    <test started-at="2026-01-29T09:30:58 IST" name="Test" finished-at="2026-01-29T09:31:06 IST" duration-ms="8736">
      <class name="module1_Login_Test.TC1_SLHomePageVerifyTitle">
        <test-method is-config="true" signature="openBrowser()[pri:0, instance:module1_Login_Test.TC1_SLHomePageVerifyTitle@34f5090e]" started-at="2026-01-29T09:30:58 IST" name="openBrowser" finished-at="2026-01-29T09:31:01 IST" duration-ms="3224" status="PASS">
          <reporter-output>
          </reporter-output>
        </test-method> <!-- openBrowser -->
        <test-method is-config="true" signature="loginToApplication()[pri:0, instance:module1_Login_Test.TC1_SLHomePageVerifyTitle@34f5090e]" started-at="2026-01-29T09:31:01 IST" name="loginToApplication" finished-at="2026-01-29T09:31:03 IST" duration-ms="2063" status="PASS">
          <reporter-output>
          </reporter-output>
        </test-method> <!-- loginToApplication -->
        <test-method signature="verifyTitle()[pri:0, instance:module1_Login_Test.TC1_SLHomePageVerifyTitle@34f5090e]" started-at="2026-01-29T09:31:03 IST" name="verifyTitle" finished-at="2026-01-29T09:31:05 IST" duration-ms="2353" status="PASS">
          <reporter-output>
          </reporter-output>
        </test-method> <!-- verifyTitle -->
        <test-method is-config="true" signature="logoutFromApplication(org.testng.ITestResult)[pri:0, instance:module1_Login_Test.TC1_SLHomePageVerifyTitle@34f5090e]" started-at="2026-01-29T09:31:05 IST" name="logoutFromApplication" finished-at="2026-01-29T09:31:06 IST" duration-ms="736" status="PASS">
          <params>
            <param index="0">
              <value>
                <![CDATA[[TestResult name=verifyTitle status=SUCCESS method=TC1_SLHomePageVerifyTitle.verifyTitle()[pri:0, instance:module1_Login_Test.TC1_SLHomePageVerifyTitle@34f5090e] output={null}]]]>
              </value>
            </param>
          </params>
          <reporter-output>
          </reporter-output>
        </test-method> <!-- logoutFromApplication -->
        <test-method is-config="true" signature="tearDown()[pri:0, instance:module1_Login_Test.TC1_SLHomePageVerifyTitle@34f5090e]" started-at="2026-01-29T09:31:06 IST" name="tearDown" finished-at="2026-01-29T09:31:06 IST" duration-ms="289" status="PASS">
          <reporter-output>
          </reporter-output>
        </test-method> <!-- tearDown -->
        <test-method is-config="true" signature="closeBrowser()[pri:0, instance:module1_Login_Test.TC1_SLHomePageVerifyTitle@34f5090e]" started-at="2026-01-29T09:31:06 IST" name="closeBrowser" finished-at="2026-01-29T09:31:06 IST" duration-ms="1" status="PASS">
          <reporter-output>
          </reporter-output>
        </test-method> <!-- closeBrowser -->
      </class> <!-- module1_Login_Test.TC1_SLHomePageVerifyTitle -->
    </test> <!-- Test -->
  </suite> <!-- Suite -->
</testng-results>
